<?xml version="1.0" encoding="UTF-8" ?>
<testsuite errors="0" failures="0" hostname="Gaurang-R" name="com.xoriant.test.suite.EmployeeTestSuite" tests="3" time="0.34" timestamp="2015-08-25T11:46:58">
  <properties>
    <property name="file.encoding.pkg" value="sun.io" />
    <property name="org.osgi.framework.executionenvironment" value="OSGi/Minimum-1.0,OSGi/Minimum-1.1,OSGi/Minimum-1.2,JRE-1.1,J2SE-1.2,J2SE-1.3,J2SE-1.4,J2SE-1.5,JavaSE-1.6,JavaSE-1.7" />
    <property name="osgi.framework" value="file:/d:/Softwares/eclipse-jee-kepler-SR2-win32-x86_64/eclipse/plugins/org.eclipse.osgi_3.9.1.v20140110-1610.jar" />
    <property name="java.home" value="C:\Program Files\Java\jre7" />
    <property name="eclipse.application" value="org.eclipse.ui.ide.workbench" />
    <property name="org.eclipse.debug.ui.breakpoints.toggleFactoriesUsed" value="false" />
    <property name="java.endorsed.dirs" value="C:\Program Files\Java\jre7\lib\endorsed" />
    <property name="osgi.bundlestore" value="D:\Softwares\eclipse-jee-kepler-SR2-win32-x86_64\eclipse\configuration\org.eclipse.osgi\bundles" />
    <property name="env.USERNAME" value="raote_g" />
    <property name="debuglevel" value="source,lines,vars" />
    <property name="ECLIPSE_HOME" value="../../../Softwares/eclipse-jee-kepler-SR2-win32-x86_64/eclipse" />
    <property name="sun.os.patch.level" value="Service Pack 1" />
    <property name="java.vendor.url" value="http://java.oracle.com/" />
    <property name="env.COMPUTERNAME" value="GAURANG-R" />
    <property name="env.ProgramFiles(x86)" value="C:\Program Files (x86)" />
    <property name="java.version" value="1.7.0_60" />
    <property name="eclipse.pdebuild.home" value="/D:/Softwares/eclipse-jee-kepler-SR2-win32-x86_64/eclipse/plugins/org.eclipse.pde.build_3.8.100.v20130514-1028/./" />
    <property name="osgi.requiredJavaVersion" value="1.6" />
    <property name="osgi.os" value="win32" />
    <property name="org.eclipse.equinox.simpleconfigurator.configUrl" value="file:org.eclipse.equinox.simpleconfigurator/bundles.info" />
    <property name="org.osgi.framework.uuid" value="30679acb-494a-0015-1c73-8b51f82be63b" />
    <property name="osgi.splashPath" value="platform:/base/plugins/org.eclipse.platform" />
    <property name="java.vendor.url.bug" value="http://bugreport.sun.com/bugreport/" />
    <property name="env.USERPROFILE" value="C:\Users\raote_g" />
    <property name="env.JUNITJOB" value="D:\XOR-Academy\August\Junit\JnuitAssign1.1" />
    <property name="ant.project.invoked-targets" value="build,EmployeeResourceTest,SurveyResourcesTest,EmployeeSurveyResourceTest,EmployeeTestSuite,SurveyTestSuite,EmployeeSurveyTestSuite,AllTests,junitreport" />
    <property name="env.SystemRoot" value="C:\Windows" />
    <property name="user.name" value="raote_g" />
    <property name="org.osgi.framework.version" value="1.7.0" />
    <property name="sun.io.unicode.encoding" value="UnicodeLittle" />
    <property name="org.osgi.framework.system.packages" value="javax.accessibility,javax.activation,javax.activity,javax.annotation,javax.annotation.processing,javax.crypto,javax.crypto.interfaces,javax.crypto.spec,javax.imageio,javax.imageio.event,javax.imageio.metadata,javax.imageio.plugins.bmp,javax.imageio.plugins.jpeg,javax.imageio.spi,javax.imageio.stream,javax.jws,javax.jws.soap,javax.lang.model,javax.lang.model.element,javax.lang.model.type,javax.lang.model.util,javax.management,javax.management.loading,javax.management.modelmbean,javax.management.monitor,javax.management.openmbean,javax.management.relation,javax.management.remote,javax.management.remote.rmi,javax.management.timer,javax.naming,javax.naming.directory,javax.naming.event,javax.naming.ldap,javax.naming.spi,javax.net,javax.net.ssl,javax.print,javax.print.attribute,javax.print.attribute.standard,javax.print.event,javax.rmi,javax.rmi.CORBA,javax.rmi.ssl,javax.script,javax.security.auth,javax.security.auth.callback,javax.security.auth.kerberos,javax.security.auth.login,javax.security.auth.spi,javax.security.auth.x500,javax.security.cert,javax.security.sasl,javax.sound.midi,javax.sound.midi.spi,javax.sound.sampled,javax.sound.sampled.spi,javax.sql,javax.sql.rowset,javax.sql.rowset.serial,javax.sql.rowset.spi,javax.swing,javax.swing.border,javax.swing.colorchooser,javax.swing.event,javax.swing.filechooser,javax.swing.plaf,javax.swing.plaf.basic,javax.swing.plaf.metal,javax.swing.plaf.multi,javax.swing.plaf.nimbus,javax.swing.plaf.synth,javax.swing.table,javax.swing.text,javax.swing.text.html,javax.swing.text.html.parser,javax.swing.text.rtf,javax.swing.tree,javax.swing.undo,javax.tools,javax.transaction,javax.transaction.xa,javax.xml,javax.xml.bind,javax.xml.bind.annotation,javax.xml.bind.annotation.adapters,javax.xml.bind.attachment,javax.xml.bind.helpers,javax.xml.bind.util,javax.xml.crypto,javax.xml.crypto.dom,javax.xml.crypto.dsig,javax.xml.crypto.dsig.dom,javax.xml.crypto.dsig.keyinfo,javax.xml.crypto.dsig.spec,javax.xml.datatype,javax.xml.namespace,javax.xml.parsers,javax.xml.soap,javax.xml.stream,javax.xml.stream.events,javax.xml.stream.util,javax.xml.transform,javax.xml.transform.dom,javax.xml.transform.sax,javax.xml.transform.stax,javax.xml.transform.stream,javax.xml.validation,javax.xml.ws,javax.xml.ws.handler,javax.xml.ws.handler.soap,javax.xml.ws.http,javax.xml.ws.soap,javax.xml.ws.spi,javax.xml.ws.spi.http,javax.xml.ws.wsaddressing,javax.xml.xpath,org.ietf.jgss,org.omg.CORBA,org.omg.CORBA_2_3,org.omg.CORBA_2_3.portable,org.omg.CORBA.DynAnyPackage,org.omg.CORBA.ORBPackage,org.omg.CORBA.portable,org.omg.CORBA.TypeCodePackage,org.omg.CosNaming,org.omg.CosNaming.NamingContextExtPackage,org.omg.CosNaming.NamingContextPackage,org.omg.Dynamic,org.omg.DynamicAny,org.omg.DynamicAny.DynAnyFactoryPackage,org.omg.DynamicAny.DynAnyPackage,org.omg.IOP,org.omg.IOP.CodecFactoryPackage,org.omg.IOP.CodecPackage,org.omg.Messaging,org.omg.PortableInterceptor,org.omg.PortableInterceptor.ORBInitInfoPackage,org.omg.PortableServer,org.omg.PortableServer.CurrentPackage,org.omg.PortableServer.POAManagerPackage,org.omg.PortableServer.POAPackage,org.omg.PortableServer.portable,org.omg.PortableServer.ServantLocatorPackage,org.omg.SendingContext,org.omg.stub.java.rmi,org.w3c.dom,org.w3c.dom.bootstrap,org.w3c.dom.css,org.w3c.dom.events,org.w3c.dom.html,org.w3c.dom.ls,org.w3c.dom.ranges,org.w3c.dom.stylesheets,org.w3c.dom.traversal,org.w3c.dom.views,org.w3c.dom.xpath,org.xml.sax,org.xml.sax.ext,org.xml.sax.helpers" />
    <property name="sun.jnu.encoding" value="Cp1252" />
    <property name="java.runtime.name" value="Java(TM) SE Runtime Environment" />
    <property name="ant.file.type.XoriantSurveyPortal" value="file" />
    <property name="env.LOCALAPPDATA" value="C:\Users\raote_g\AppData\Local" />
    <property name="applicationXMI" value="org.eclipse.ui.workbench/LegacyIDE.e4xmi" />
    <property name="osgi.instance.area.default" value="file:/C:/Users/raote_g/workspace/" />
    <property name="eclipse.launcher.name" value="Eclipse" />
    <property name="eclipse.product" value="org.eclipse.epp.package.jee.product" />
    <property name="java.specification.name" value="Java Platform API Specification" />
    <property name="org.osgi.supports.framework.fragment" value="true" />
    <property name="user.timezone" value="" />
    <property name="org.osgi.framework.system.capabilities" value="osgi.ee; osgi.ee=&quot;OSGi/Minimum&quot;; version:List&lt;Version&gt;=&quot;1.0, 1.1, 1.2&quot;,osgi.ee; osgi.ee=&quot;JRE&quot;; version:List&lt;Version&gt;=&quot;1.0, 1.1&quot;,osgi.ee; osgi.ee=&quot;JavaSE&quot;; version:List&lt;Version&gt;=&quot;1.0, 1.1, 1.2, 1.3, 1.4, 1.5, 1.6, 1.7&quot;" />
    <property name="osgi.nl" value="en_US" />
    <property name="user.script" value="" />
    <property name="path.separator" value=";" />
    <property name="env.PROCESSOR_IDENTIFIER" value="Intel64 Family 6 Model 58 Stepping 9, GenuineIntel" />
    <property name="file.encoding" value="Cp1252" />
    <property name="osgi.arch" value="x86_64" />
    <property name="ant.project.default-target" value="build" />
    <property name="sun.java.command" value="org.apache.tools.ant.taskdefs.optional.junit.JUnitTestRunner com.xoriant.test.suite.EmployeeTestSuite filtertrace=true haltOnError=false haltOnFailure=false formatter=org.apache.tools.ant.taskdefs.optional.junit.OutErrSummaryJUnitResultFormatter showoutput=false outputtoformatters=true logfailedtests=true logtestlistenerevents=false formatter=org.apache.tools.ant.taskdefs.optional.junit.XMLJUnitResultFormatter,D:\XOR-Academy\May\XoriantSurveyPortal\junit\TEST-com.xoriant.test.suite.EmployeeTestSuite.xml crashfile=D:\XOR-Academy\May\XoriantSurveyPortal\junitvmwatcher1430363784221064657.properties propsfile=D:\XOR-Academy\May\XoriantSurveyPortal\junit7743716834349098842.properties" />
    <property name="env.NUMBER_OF_PROCESSORS" value="4" />
    <property name="env.APPDATA" value="C:\Users\raote_g\AppData\Roaming" />
    <property name="ant.file" value="D:\XOR-Academy\May\XoriantSurveyPortal\build.xml" />
    <property name="org.osgi.supports.framework.requirebundle" value="true" />
    <property name="osgi.bundles.defaultStartLevel" value="4" />
    <property name="osgi.bundles" value="reference:file:org.eclipse.equinox.simpleconfigurator_1.0.400.v20130327-2119.jar@1:start" />
    <property name="java.io.tmpdir" value="C:\Users\raote_g\AppData\Local\Temp\" />
    <property name="org.osgi.framework.os.name" value="Windows7" />
    <property name="equinox.use.ds" value="true" />
    <property name="user.language" value="en" />
    <property name="env.SystemDrive" value="C:" />
    <property name="line.separator" value="&#xd;&#xa;" />
    <property name="target" value="1.7" />
    <property name="org.osgi.framework.processor" value="x86-64" />
    <property name="java.vm.info" value="mixed mode" />
    <property name="osgi.manifest.cache" value="D:\Softwares\eclipse-jee-kepler-SR2-win32-x86_64\eclipse\configuration\org.eclipse.osgi\manifests" />
    <property name="source" value="1.7" />
    <property name="osgi.splashLocation" value="D:\Softwares\eclipse-jee-kepler-SR2-win32-x86_64\eclipse\\plugins\org.eclipse.platform_4.3.2.v20140221-1700\splash.bmp" />
    <property name="sun.desktop" value="windows" />
    <property name="java.vm.specification.name" value="Java Virtual Machine Specification" />
    <property name="env.M2_HOME" value="D:\XOR-Academy\August\Xor-Academy\Software\apache-maven-3.1.1-bin\apache-maven-3.1.1" />
    <property name="env.PATHEXT" value=".COM;.EXE;.BAT;.CMD;.VBS;.VBE;.JS;.JSE;.WSF;.WSH;.MSC" />
    <property name="eclipse.vm" value="C:\Windows\system32\javaw.exe" />
    <property name="env.LOGONSERVER" value="\\XORMUM-DC01" />
    <property name="eclipse.pdebuild.templates" value="/D:/Softwares/eclipse-jee-kepler-SR2-win32-x86_64/eclipse/plugins/org.eclipse.pde.build_3.8.100.v20130514-1028/templates/" />
    <property name="osgi.configuration.area" value="file:/D:/Softwares/eclipse-jee-kepler-SR2-win32-x86_64/eclipse/configuration/" />
    <property name="java.awt.printerjob" value="sun.awt.windows.WPrinterJob" />
    <property name="env.GIT" value="C:\Program Files (x86)\Git\bin" />
    <property name="env.PUBLIC" value="C:\Users\Public" />
    <property name="ant.version" value="Apache Ant(TM) version 1.8.4 compiled on May 22 2012" />
    <property name="env.USERDOMAIN" value="XOR-IND" />
    <property name="osgi.ws" value="win32" />
    <property name="env.PROCESSOR_LEVEL" value="6" />
    <property name="org.osgi.supports.framework.extension" value="true" />
    <property name="eclipse.p2.data.area" value="@config.dir/../p2/" />
    <property name="osgi.framework.extensions" value="" />
    <property name="env.windir" value="C:\Windows" />
    <property name="gosh.args" value="--nointeractive" />
    <property name="env.CommonProgramFiles(x86)" value="C:\Program Files (x86)\Common Files" />
    <property name="org.osgi.framework.language" value="en" />
    <property name="env.CLASSPATH" value="C:\Users\raote_g\Downloads\junit4.10\junit.jar;C:\Users\raote_g\Downloads\junit4.10;D:\XOR-Academy\August\Junit\JnuitAssign1.1;" />
    <property name="os.name" value="Windows 7" />
    <property name="eclipse.home.location" value="file:/D:/Softwares/eclipse-jee-kepler-SR2-win32-x86_64/eclipse/" />
    <property name="java.specification.vendor" value="Oracle Corporation" />
    <property name="eclipse.vmargs" value="-Dosgi.requiredJavaVersion=1.6&#xa;-Xms40m&#xa;-Xmx512m&#xa;-XX:MaxPermSize=256m&#xa;-jar&#xa;D:\Softwares\eclipse-jee-kepler-SR2-win32-x86_64\eclipse\\plugins/org.eclipse.equinox.launcher_1.3.0.v20130327-1440.jar&#xa;" />
    <property name="env.TMP" value="C:\Users\raote_g\AppData\Local\Temp" />
    <property name="java.vm.name" value="Java HotSpot(TM) 64-Bit Server VM" />
    <property name="env.ProgramData" value="C:\ProgramData" />
    <property name="env.OS" value="Windows_NT" />
    <property name="eclipse.buildId" value="4.3.2.M20140221-1700" />
    <property name="java.library.path" value="C:\Program Files\Java\jre7\bin;C:\Windows\Sun\Java\bin;C:\Windows\system32;C:\Windows;C:\Program Files\Common Files\Microsoft Shared\Windows Live;C:\Program Files (x86)\Common Files\Microsoft Shared\Windows Live;C:\Sencha\bin\Sencha\Cmd\5.0.1.231;C:\oraclexe\app\oracle\product\11.2.0\server\bin;C:\Program Files (x86)\Intel\iCLS Client\;C:\Program Files\Intel\iCLS Client\;C:\Windows\system32;C:\Windows;C:\Windows\System32\Wbem;C:\Windows\System32\WindowsPowerShell\v1.0\;C:\Program Files (x86)\Intel\OpenCL SDK\2.0\bin\x86;C:\Program Files (x86)\Intel\OpenCL SDK\2.0\bin\x64;C:\Program Files\Intel\Intel(R) Management Engine Components\DAL;C:\Program Files\Intel\Intel(R) Management Engine Components\IPT;C:\Program Files (x86)\Intel\Intel(R) Management Engine Components\DAL;C:\Program Files (x86)\Intel\Intel(R) Management Engine Components\IPT;C:\Program Files (x86)\Java\jdk1.7.0_10\bin;C:\Program Files (x86)\Microsoft SQL Server\100\Tools\Binn\VSShell\Common7\IDE\;C:\Program Files (x86)\Microsoft SQL Server\100\Tools\Binn\;C:\Program Files\Microsoft SQL Server\100\Tools\Binn\;C:\Program Files (x86)\Microsoft SQL Server\100\DTS\Binn\;C:\Program Files (x86)\Java\jdk1.7.0_10;C:\Python27\;C:\Python27\Scripts\;C:\Program Files (x86)\Windows Live\Shared;C:\Program Files (x86)\GitExtensions\;C:\Program Files (x86)\nodejs\;C:\Program Files\MiKTeX 2.9\miktex\bin\x64\;D:\Python27;D:\Python27\Scripts;D:\cURL\bin;D:\XOR-Academy\August\Xor-Academy\Software\apache-ant-1.9.6-bin\apache-ant-1.9.6\bin;C:\Program Files\Java\jdk1.7.0_60\bin;D:\XOR-Academy\August\Xor-Academy\Software\apache-maven-3.1.1-bin\apache-maven-3.1.1\bin;D:\XOR-Academy\August\Xor-Academy\Software\apache-maven-3.1.1-bin\apache-maven-3.1.1\bin;C:\Program Files (x86)\Git\bin;C:\Users\raote_g\Downloads\junit4.10\junit.jar;C:\Users\raote_g\Downloads\junit4.10;D:\XOR-Academy\August\Junit\JnuitAssign1.1;C:\Program Files (x86)\Skype\Phone\;C:\Users\raote_g\AppData\Roaming\npm;." />
    <property name="eclipse.pdebuild.scripts" value="/D:/Softwares/eclipse-jee-kepler-SR2-win32-x86_64/eclipse/plugins/org.eclipse.pde.build_3.8.100.v20130514-1028/scripts/" />
    <property name="ant.java.version" value="1.7" />
    <property name="eclipse.commands" value="-os&#xa;win32&#xa;-ws&#xa;win32&#xa;-arch&#xa;x86_64&#xa;-showsplash&#xa;D:\Softwares\eclipse-jee-kepler-SR2-win32-x86_64\eclipse\\plugins\org.eclipse.platform_4.3.2.v20140221-1700\splash.bmp&#xa;-launcher&#xa;D:\Softwares\eclipse-jee-kepler-SR2-win32-x86_64\eclipse\eclipse.exe&#xa;-name&#xa;Eclipse&#xa;--launcher.library&#xa;D:\Softwares\eclipse-jee-kepler-SR2-win32-x86_64\eclipse\\plugins/org.eclipse.equinox.launcher.win32.win32.x86_64_1.1.200.v20140116-2212\eclipse_1503.dll&#xa;-startup&#xa;D:\Softwares\eclipse-jee-kepler-SR2-win32-x86_64\eclipse\\plugins/org.eclipse.equinox.launcher_1.3.0.v20130327-1440.jar&#xa;--launcher.appendVmargs&#xa;-exitdata&#xa;3d94_5c&#xa;-product&#xa;org.eclipse.epp.package.jee.product&#xa;-vm&#xa;C:\Windows\system32\javaw.exe&#xa;" />
    <property name="basedir" value="D:\XOR-Academy\May\XoriantSurveyPortal" />
    <property name="java.class.version" value="51.0" />
    <property name="osgi.syspath" value="d:\Softwares\eclipse-jee-kepler-SR2-win32-x86_64\eclipse\plugins" />
    <property name="ant.home" value="D:\Softwares\eclipse-jee-kepler-SR2-win32-x86_64\eclipse\plugins\org.apache.ant_1.8.4.v201303080030" />
    <property name="env.Path" value="C:\Program Files\Common Files\Microsoft Shared\Windows Live;C:\Program Files (x86)\Common Files\Microsoft Shared\Windows Live;C:\Sencha\bin\Sencha\Cmd\5.0.1.231;C:\oraclexe\app\oracle\product\11.2.0\server\bin;C:\Program Files (x86)\Intel\iCLS Client\;C:\Program Files\Intel\iCLS Client\;C:\Windows\system32;C:\Windows;C:\Windows\System32\Wbem;C:\Windows\System32\WindowsPowerShell\v1.0\;C:\Program Files (x86)\Intel\OpenCL SDK\2.0\bin\x86;C:\Program Files (x86)\Intel\OpenCL SDK\2.0\bin\x64;C:\Program Files\Intel\Intel(R) Management Engine Components\DAL;C:\Program Files\Intel\Intel(R) Management Engine Components\IPT;C:\Program Files (x86)\Intel\Intel(R) Management Engine Components\DAL;C:\Program Files (x86)\Intel\Intel(R) Management Engine Components\IPT;C:\Program Files (x86)\Java\jdk1.7.0_10\bin;C:\Program Files (x86)\Microsoft SQL Server\100\Tools\Binn\VSShell\Common7\IDE\;C:\Program Files (x86)\Microsoft SQL Server\100\Tools\Binn\;C:\Program Files\Microsoft SQL Server\100\Tools\Binn\;C:\Program Files (x86)\Microsoft SQL Server\100\DTS\Binn\;C:\Program Files (x86)\Java\jdk1.7.0_10;C:\Python27\;C:\Python27\Scripts\;C:\Program Files (x86)\Windows Live\Shared;C:\Program Files (x86)\GitExtensions\;C:\Program Files (x86)\nodejs\;C:\Program Files\MiKTeX 2.9\miktex\bin\x64\;D:\Python27;D:\Python27\Scripts;D:\cURL\bin;D:\XOR-Academy\August\Xor-Academy\Software\apache-ant-1.9.6-bin\apache-ant-1.9.6\bin;C:\Program Files\Java\jdk1.7.0_60\bin;D:\XOR-Academy\August\Xor-Academy\Software\apache-maven-3.1.1-bin\apache-maven-3.1.1\bin;D:\XOR-Academy\August\Xor-Academy\Software\apache-maven-3.1.1-bin\apache-maven-3.1.1\bin;C:\Program Files (x86)\Git\bin;C:\Users\raote_g\Downloads\junit4.10\junit.jar;C:\Users\raote_g\Downloads\junit4.10;D:\XOR-Academy\August\Junit\JnuitAssign1.1;C:\Program Files (x86)\Skype\Phone\;C:\Users\raote_g\AppData\Roaming\npm" />
    <property name="org.eclipse.equinox.launcher.splash.location" value="D:\Softwares\eclipse-jee-kepler-SR2-win32-x86_64\eclipse\\plugins\org.eclipse.platform_4.3.2.v20140221-1700\splash.bmp" />
    <property name="env.HOMEDRIVE" value="C:" />
    <property name="osgi.instance.area" value="file:/D:/XOR-Academy/May/" />
    <property name="osgi.install.area" value="file:/D:/Softwares/eclipse-jee-kepler-SR2-win32-x86_64/eclipse/" />
    <property name="sun.boot.library.path" value="C:\Program Files\Java\jre7\bin" />
    <property name="env.PROCESSOR_REVISION" value="3a09" />
    <property name="sun.management.compiler" value="HotSpot 64-Bit Tiered Compilers" />
    <property name="java.awt.graphicsenv" value="sun.awt.Win32GraphicsEnvironment" />
    <property name="user.variant" value="" />
    <property name="product.home" value="/D:/Softwares/eclipse-jee-kepler-SR2-win32-x86_64/eclipse/plugins/org.jboss.tools.common.model_3.5.2.Final-v20140302-2358-B158/" />
    <property name="ant.project.name" value="XoriantSurveyPortal" />
    <property name="java.vm.specification.version" value="1.7" />
    <property name="eclipse.running" value="true" />
    <property name="awt.toolkit" value="sun.awt.windows.WToolkit" />
    <property name="env.MAVEN_HOME" value="D:\XOR-Academy\August\Xor-Academy\Software\apache-maven-3.1.1-bin\apache-maven-3.1.1" />
    <property name="sun.cpu.isalist" value="amd64" />
    <property name="org.eclipse.update.reconcile" value="false" />
    <property name="java.ext.dirs" value="C:\Program Files\Java\jre7\lib\ext;C:\Windows\Sun\Java\lib\ext" />
    <property name="osgi.framework.version" value="3.9.1.v20140110-1610" />
    <property name="os.version" value="6.1" />
    <property name="eclipse.launcher" value="D:\Softwares\eclipse-jee-kepler-SR2-win32-x86_64\eclipse\eclipse.exe" />
    <property name="user.home" value="C:\Users\raote_g" />
    <property name="java.vm.vendor" value="Oracle Corporation" />
    <property name="env.CommonProgramW6432" value="C:\Program Files\Common Files" />
    <property name="org.apache.commons.logging.Log" value="org.apache.commons.logging.impl.NoOpLog" />
    <property name="env.USERDNSDOMAIN" value="INDIA.XORIANTCORP.COM" />
    <property name="env.JAVA_HOME" value="C:\Program Files\Java\jdk1.7.0_60" />
    <property name="env.ProgramW6432" value="C:\Program Files" />
    <property name="junit.output.dir" value="junit" />
    <property name="user.dir" value="D:\Softwares\eclipse-jee-kepler-SR2-win32-x86_64\eclipse" />
    <property name="org.osgi.framework.os.version" value="6.1.0" />
    <property name="osgi.framework.shape" value="jar" />
    <property name="env.FP_NO_HOST_CHECK" value="NO" />
    <property name="eclipse.home" value="D:\Softwares\eclipse-jee-kepler-SR2-win32-x86_64\eclipse" />
    <property name="env.SENCHA_CMD_3_0_0" value="C:\Sencha\bin/Sencha/Cmd/5.0.1.231" />
    <property name="sun.cpu.endian" value="little" />
    <property name="env.EICDDrive" value="E:\" />
    <property name="env.ALLUSERSPROFILE" value="C:\ProgramData" />
    <property name="eclipse.startTime" value="1440411650959" />
    <property name="env.PROCESSOR_ARCHITECTURE" value="AMD64" />
    <property name="java.vm.version" value="24.60-b09" />
    <property name="java.class.path" value="D:\XOR-Academy\May\XoriantSurveyPortal\build\classes;D:\XOR-Academy\May\XoriantSurveyPortal\WebContent\WEB-INF\lib\aopalliance-repackaged-2.4.0-b09.jar;D:\XOR-Academy\May\XoriantSurveyPortal\WebContent\WEB-INF\lib\asm-debug-all-5.0.2.jar;D:\XOR-Academy\May\XoriantSurveyPortal\WebContent\WEB-INF\lib\com.mysql.jdbc_5.1.5.jar;D:\XOR-Academy\May\XoriantSurveyPortal\WebContent\WEB-INF\lib\commons-lang3-3.3.2.jar;D:\XOR-Academy\May\XoriantSurveyPortal\WebContent\WEB-INF\lib\genson-1.2.jar;D:\XOR-Academy\May\XoriantSurveyPortal\WebContent\WEB-INF\lib\gson-2.2.4.jar;D:\XOR-Academy\May\XoriantSurveyPortal\WebContent\WEB-INF\lib\hk2-api-2.4.0-b09.jar;D:\XOR-Academy\May\XoriantSurveyPortal\WebContent\WEB-INF\lib\hk2-locator-2.4.0-b09.jar;D:\XOR-Academy\May\XoriantSurveyPortal\WebContent\WEB-INF\lib\hk2-utils-2.4.0-b09.jar;D:\XOR-Academy\May\XoriantSurveyPortal\WebContent\WEB-INF\lib\javaee.jar;D:\XOR-Academy\May\XoriantSurveyPortal\WebContent\WEB-INF\lib\javassist-3.18.1-GA.jar;D:\XOR-Academy\May\XoriantSurveyPortal\WebContent\WEB-INF\lib\javax.annotation-api-1.2.jar;D:\XOR-Academy\May\XoriantSurveyPortal\WebContent\WEB-INF\lib\javax.inject-2.4.0-b09.jar;D:\XOR-Academy\May\XoriantSurveyPortal\WebContent\WEB-INF\lib\javax.servlet-api-3.0.1.jar;D:\XOR-Academy\May\XoriantSurveyPortal\WebContent\WEB-INF\lib\javax.ws.rs-api-2.0.1.jar;D:\XOR-Academy\May\XoriantSurveyPortal\WebContent\WEB-INF\lib\jaxb-api-2.2.7.jar;D:\XOR-Academy\May\XoriantSurveyPortal\WebContent\WEB-INF\lib\jedis-2.4.2.jar;D:\XOR-Academy\May\XoriantSurveyPortal\WebContent\WEB-INF\lib\jersey-client.jar;D:\XOR-Academy\May\XoriantSurveyPortal\WebContent\WEB-INF\lib\jersey-common.jar;D:\XOR-Academy\May\XoriantSurveyPortal\WebContent\WEB-INF\lib\jersey-container-servlet-core.jar;D:\XOR-Academy\May\XoriantSurveyPortal\WebContent\WEB-INF\lib\jersey-container-servlet.jar;D:\XOR-Academy\May\XoriantSurveyPortal\WebContent\WEB-INF\lib\jersey-guava-2.16.jar;D:\XOR-Academy\May\XoriantSurveyPortal\WebContent\WEB-INF\lib\jersey-json.jar;D:\XOR-Academy\May\XoriantSurveyPortal\WebContent\WEB-INF\lib\jersey-media-jaxb.jar;D:\XOR-Academy\May\XoriantSurveyPortal\WebContent\WEB-INF\lib\jersey-server.jar;D:\XOR-Academy\May\XoriantSurveyPortal\WebContent\WEB-INF\lib\jstl-api-1.2.jar;D:\XOR-Academy\May\XoriantSurveyPortal\WebContent\WEB-INF\lib\jstl-impl-1.2.jar;D:\XOR-Academy\May\XoriantSurveyPortal\WebContent\WEB-INF\lib\log4j-1.2.17.jar;D:\XOR-Academy\May\XoriantSurveyPortal\WebContent\WEB-INF\lib\log4j-api-2.0-rc2.jar;D:\XOR-Academy\May\XoriantSurveyPortal\WebContent\WEB-INF\lib\log4j-core-2.0-rc2.jar;D:\XOR-Academy\May\XoriantSurveyPortal\WebContent\WEB-INF\lib\mockito-all-1.9.5.jar;D:\XOR-Academy\May\XoriantSurveyPortal\WebContent\WEB-INF\lib\org.apache.commons.dbcp.jar;D:\XOR-Academy\May\XoriantSurveyPortal\WebContent\WEB-INF\lib\org.osgi.core-4.2.0.jar;D:\XOR-Academy\May\XoriantSurveyPortal\WebContent\WEB-INF\lib\osgi-resource-locator-1.0.1.jar;D:\XOR-Academy\May\XoriantSurveyPortal\WebContent\WEB-INF\lib\persistence-api-1.0.jar;D:\XOR-Academy\May\XoriantSurveyPortal\WebContent\WEB-INF\lib\validation-api-1.1.0.Final.jar;D:\Softwares\eclipse-jee-kepler-SR2-win32-x86_64\eclipse\plugins\org.junit_4.11.0.v201303080030\junit.jar;D:\Softwares\eclipse-jee-kepler-SR2-win32-x86_64\eclipse\plugins\org.hamcrest.core_1.3.0.v201303031735.jar;C:\Users\raote_g\Downloads\junit4.10\junit.jar;C:\Users\raote_g\Downloads\junit4.10;D:\XOR-Academy\August\Junit\JnuitAssign1.1;D:\Softwares\eclipse-jee-kepler-SR2-win32-x86_64\eclipse\plugins\org.apache.ant_1.8.4.v201303080030\lib\ant-launcher.jar;D:\Softwares\eclipse-jee-kepler-SR2-win32-x86_64\eclipse\plugins\org.apache.ant_1.8.4.v201303080030\lib\ant.jar;D:\Softwares\eclipse-jee-kepler-SR2-win32-x86_64\eclipse\plugins\org.apache.ant_1.8.4.v201303080030\lib\ant-junit.jar;D:\Softwares\eclipse-jee-kepler-SR2-win32-x86_64\eclipse\plugins\org.apache.ant_1.8.4.v201303080030\lib\ant-junit4.jar" />
    <property name="env.HOMEPATH" value="\Users\raote_g" />
    <property name="ant.library.dir" value="D:\Softwares\eclipse-jee-kepler-SR2-win32-x86_64\eclipse\plugins\org.apache.ant_1.8.4.v201303080030\lib" />
    <property name="os.arch" value="amd64" />
    <property name="eclipse.p2.profile" value="epp.package.jee" />
    <property name="env.SESSIONNAME" value="Console" />
    <property name="sun.java.launcher" value="SUN_STANDARD" />
    <property name="org.eclipse.m2e.log.dir" value="D:\XOR-Academy\May\.metadata\.plugins\org.eclipse.m2e.logback.configuration" />
    <property name="org.osgi.framework.vendor" value="Eclipse" />
    <property name="env.CommonProgramFiles" value="C:\Program Files\Common Files" />
    <property name="osgi.tracefile" value="D:\XOR-Academy\May\.metadata\trace.log" />
    <property name="env.ProgramFiles" value="C:\Program Files" />
    <property name="ant.core.lib" value="D:\Softwares\eclipse-jee-kepler-SR2-win32-x86_64\eclipse\plugins\org.apache.ant_1.8.4.v201303080030\lib\ant.jar" />
    <property name="java.vm.specification.vendor" value="Oracle Corporation" />
    <property name="ant.file.XoriantSurveyPortal" value="D:\XOR-Academy\May\XoriantSurveyPortal\build.xml" />
    <property name="file.separator" value="\" />
    <property name="java.runtime.version" value="1.7.0_60-b19" />
    <property name="sun.boot.class.path" value="C:\Program Files\Java\jre7\lib\resources.jar;C:\Program Files\Java\jre7\lib\rt.jar;C:\Program Files\Java\jre7\lib\sunrsasign.jar;C:\Program Files\Java\jre7\lib\jsse.jar;C:\Program Files\Java\jre7\lib\jce.jar;C:\Program Files\Java\jre7\lib\charsets.jar;C:\Program Files\Java\jre7\lib\jfr.jar;C:\Program Files\Java\jre7\classes" />
    <property name="env.ComSpec" value="C:\Windows\system32\cmd.exe" />
    <property name="env.TEMP" value="C:\Users\raote_g\AppData\Local\Temp" />
    <property name="user.country" value="US" />
    <property name="env.ANT_HOME" value="D:\XOR-Academy\August\Xor-Academy\Software\apache-ant-1.9.6-bin\apache-ant-1.9.6" />
    <property name="osgi.logfile" value="D:\XOR-Academy\May\.metadata\.log" />
    <property name="env.JUNIT_HOME" value="C:\Users\raote_g\Downloads\junit4.10" />
    <property name="java.vendor" value="Oracle Corporation" />
    <property name="env.PSModulePath" value="C:\Windows\system32\WindowsPowerShell\v1.0\Modules\" />
    <property name="java.specification.version" value="1.7" />
    <property name="sun.arch.data.model" value="64" />
  </properties>
  <testcase classname="com.xoriant.resourcestest.EmployeeResourceTest" name="getEmployeeSuccessTest" time="0.276" />
  <testcase classname="com.xoriant.resourcestest.EmployeeResourceTest" name="getAllEmployeesNullTest" time="0.0" />
  <testcase classname="com.xoriant.resourcestest.EmployeeResourceTest" name="getEmployeeFailTest" time="0.002" />
  <system-out><![CDATA[]]></system-out>
  <system-err><![CDATA[]]></system-err>
</testsuite>
